<?xml version="1.0" encoding="UTF-8"?>
<!-- Generated by org.testng.reporters.JUnitReportReporter -->
<testsuite skipped="0" hostname="Shikta" name="seleniumFramework.InviromentTest" tests="1" failures="0" timestamp="27 Dec 2020 16:40:26 GMT" time="1.057" errors="0">
  <testcase name="goToGoogle" time="1.057" classname="seleniumFramework.InviromentTest"/>
</testsuite> <!-- seleniumFramework.InviromentTest -->
