<?xml version="1.0" encoding="UTF-8"?>
<!-- Generated by org.testng.reporters.JUnitReportReporter -->
<testsuite skipped="0" hostname="Symuns-Air-389.attlocal.net" name="seleniumFramework.BaseClass" tests="1" failures="0" timestamp="21 Jul 2020 14:30:57 GMT" time="1.756" errors="0">
  <testcase name="goToGoogle" time="1.756" classname="seleniumFramework.BaseClass"/>
</testsuite> <!-- seleniumFramework.BaseClass -->
