<?xml version="1.0" encoding="UTF-8"?>
<!-- Generated by org.testng.reporters.JUnitReportReporter -->
<testsuite skipped="1" hostname="Shikta" name="selenium.cucumber.runner.TestRunner" tests="1" failures="0" timestamp="27 Dec 2020 23:36:15 GMT" time="0.000" errors="0">
  <testcase name="scenario" time="0.000" classname="selenium.cucumber.runner.TestRunner">
    <skipped/>
  </testcase> <!-- scenario -->
</testsuite> <!-- selenium.cucumber.runner.TestRunner -->
