<?xml version="1.0" encoding="UTF-8"?>
<!-- Generated by org.testng.reporters.JUnitReportReporter -->
<testsuite hostname="Symuns-MBP.attlocal.net" failures="0" tests="2" name="selenium.cucumber.runner.EBFSTestRunner" time="11.374" errors="0" timestamp="10 Feb 2022 02:32:23 GMT" skipped="0">
  <testcase classname="selenium.cucumber.runner.EBFSTestRunner" name="scenario" time="5.075"/>
  <testcase classname="selenium.cucumber.runner.EBFSTestRunner" name="scenario" time="6.299"/>
</testsuite> <!-- selenium.cucumber.runner.EBFSTestRunner -->
